2022-07-04 08:29:42,398 - numexpr.utils - INFO - Note: NumExpr detected 32 cores but "NUMEXPR_MAX_THREADS" not set, so enforcing safe limit of 8.
2022-07-04 08:29:42,399 - numexpr.utils - INFO - NumExpr defaulting to 8 threads.
2022-07-04 08:30:30,585 - root - INFO - Summary of joins:
2022-07-04 08:30:30,585 - root - INFO - --------------------------------------------------
2022-07-04 08:30:30,585 - root - INFO - A total of 212364 service requests did not have valid coordinates.
2022-07-04 08:30:30,585 - root - INFO - A total of 3 service requests did not have coordinates within the boundaries of Cape Town.
2022-07-04 08:30:30,585 - root - INFO - The current join error percentage 22.553030158214337% does not exceed that of the threshold(50%).
2022-07-04 08:30:30,585 - root - INFO - --------------------------------------------------
2022-07-04 08:31:57,942 - root - INFO -  Hex regression error section:
2022-07-04 08:31:57,942 - root - INFO - --------------------------------------------------
2022-07-04 08:31:59,718 - root - ERROR - Level 8 hexgaon 88ad361213fffff for service request type Sewer: Blocked/Overflow, had too few weekly samples to proceed with the ridge regression model.
2022-07-04 08:32:04,449 - root - ERROR - Level 8 hexgaon 88ad361213fffff for service request type Sewer: Blocked/Overflow, had too few weekly samples to proceed with the ridge regression model.
2022-07-04 08:32:44,794 - root - ERROR - Level 8 hexgaon 88ad368db5fffff for service request type Sewer: Blocked/Overflow, had too few weekly samples to proceed with the ridge regression model.
2022-07-04 08:33:20,173 - root - ERROR - Level 8 hexgaon 88ad36c4e9fffff for service request type Sewer: Blocked/Overflow, had too few weekly samples to proceed with the ridge regression model.
2022-07-04 08:35:32,965 - root - ERROR - Level 8 hexgaon 88ad36718bfffff for service request type Sewer: Blocked/Overflow, had too few weekly samples to proceed with the ridge regression model.
2022-07-04 08:35:42,694 - root - ERROR - Level 8 hexgaon 88ad3616edfffff for service request type Sewer: Blocked/Overflow, had too few weekly samples to proceed with the ridge regression model.
2022-07-04 08:35:55,913 - root - ERROR - Level 8 hexgaon 88ad36d40dfffff for service request type Sewer: Blocked/Overflow, had too few weekly samples to proceed with the ridge regression model.
2022-07-04 08:36:24,529 - root - ERROR - Level 8 hexgaon 88ad3616e1fffff for service request type Sewer: Blocked/Overflow, had too few weekly samples to proceed with the ridge regression model.
2022-07-04 08:36:51,951 - root - ERROR - Level 8 hexgaon 88ad3619e5fffff for service request type Sewer: Blocked/Overflow, had too few weekly samples to proceed with the ridge regression model.
2022-07-04 08:36:56,089 - root - ERROR - Level 8 hexgaon 88ad361029fffff for service request type Sewer: Blocked/Overflow, had too few weekly samples to proceed with the ridge regression model.
2022-07-04 08:37:06,286 - root - ERROR - Level 8 hexgaon 88ad368f23fffff for service request type Sewer: Blocked/Overflow, had too few weekly samples to proceed with the ridge regression model.
2022-07-04 08:37:50,292 - root - ERROR - Level 8 hexgaon 88ad3618b5fffff for service request type Sewer: Blocked/Overflow, had too few weekly samples to proceed with the ridge regression model.
2022-07-04 08:38:31,864 - root - ERROR - Level 8 hexgaon 88ad368d65fffff for service request type Sewer: Blocked/Overflow, had too few weekly samples to proceed with the ridge regression model.
2022-07-04 08:39:02,284 - root - ERROR - Level 8 hexgaon 88ad36c619fffff for service request type Sewer: Blocked/Overflow, had too few weekly samples to proceed with the ridge regression model.
2022-07-04 08:39:04,452 - root - ERROR - Level 8 hexgaon 88ad36d731fffff for service request type Sewer: Blocked/Overflow, had too few weekly samples to proceed with the ridge regression model.
2022-07-04 08:39:06,454 - root - ERROR - Level 8 hexgaon 88ad36d583fffff for service request type Sewer: Blocked/Overflow, had too few weekly samples to proceed with the ridge regression model.
2022-07-04 08:39:49,030 - root - ERROR - Level 8 hexgaon 88ad368ce9fffff for service request type Sewer: Blocked/Overflow, had too few weekly samples to proceed with the ridge regression model.
2022-07-04 08:39:52,007 - root - ERROR - Level 8 hexgaon 88ad36006dfffff for service request type Sewer: Blocked/Overflow, had too few weekly samples to proceed with the ridge regression model.
2022-07-04 08:39:59,783 - root - ERROR - Level 8 hexgaon 88ad3612e1fffff for service request type Sewer: Blocked/Overflow, had too few weekly samples to proceed with the ridge regression model.
2022-07-04 08:40:06,156 - root - ERROR - Level 8 hexgaon 88ad361135fffff for service request type Sewer: Blocked/Overflow, had too few weekly samples to proceed with the ridge regression model.
2022-07-04 08:40:16,155 - root - ERROR - Level 8 hexgaon 88ad361965fffff for service request type Sewer: Blocked/Overflow, had too few weekly samples to proceed with the ridge regression model.
2022-07-04 08:40:23,539 - root - ERROR - Level 8 hexgaon 88ad360a55fffff for service request type Sewer: Blocked/Overflow, had too few weekly samples to proceed with the ridge regression model.
2022-07-04 08:40:31,206 - root - ERROR - Level 8 hexgaon 88ad36c289fffff for service request type Sewer: Blocked/Overflow, had too few weekly samples to proceed with the ridge regression model.
2022-07-04 08:40:32,251 - root - ERROR - Level 8 hexgaon 88ad360305fffff for service request type Sewer: Blocked/Overflow, had too few weekly samples to proceed with the ridge regression model.
2022-07-04 08:40:33,289 - root - ERROR - Level 8 hexgaon 88ad360265fffff for service request type Sewer: Blocked/Overflow, had too few weekly samples to proceed with the ridge regression model.
2022-07-04 08:40:34,242 - root - ERROR - Level 8 hexgaon 88ad368091fffff for service request type Sewer: Blocked/Overflow, had too few weekly samples to proceed with the ridge regression model.
2022-07-04 08:40:37,216 - root - ERROR - Level 8 hexgaon 88ad366245fffff for service request type Sewer: Blocked/Overflow, had too few weekly samples to proceed with the ridge regression model.
2022-07-04 08:40:37,828 - root - ERROR - Level 8 hexgaon 88ad36d5d9fffff for service request type Sewer: Blocked/Overflow, had too few weekly samples to proceed with the ridge regression model.
2022-07-04 08:40:39,603 - root - ERROR - Level 8 hexgaon 88ad36852dfffff for service request type Sewer: Blocked/Overflow, had too few weekly samples to proceed with the ridge regression model.
2022-07-04 08:40:39,610 - root - ERROR - Level 8 hexgaon 88ad36188dfffff for service request type Sewer: Blocked/Overflow, had too few weekly samples to proceed with the ridge regression model.
2022-07-04 08:40:43,851 - root - ERROR - Level 8 hexgaon 88ad360209fffff for service request type Sewer: Blocked/Overflow, had too few weekly samples to proceed with the ridge regression model.
2022-07-04 08:40:45,536 - root - ERROR - Level 8 hexgaon 88ad36b92bfffff for service request type Sewer: Blocked/Overflow, had too few weekly samples to proceed with the ridge regression model.
2022-07-04 08:40:48,671 - root - ERROR - Level 8 hexgaon 88ad360d41fffff for service request type Sewer: Blocked/Overflow, had too few weekly samples to proceed with the ridge regression model.
2022-07-04 08:40:51,683 - root - ERROR - Level 8 hexgaon 88ad368d0bfffff for service request type Sewer: Blocked/Overflow, had too few weekly samples to proceed with the ridge regression model.
2022-07-04 08:40:55,963 - root - ERROR - Level 8 hexgaon 88ad368939fffff for service request type Sewer: Blocked/Overflow, had too few weekly samples to proceed with the ridge regression model.
2022-07-04 08:40:58,248 - root - ERROR - Level 8 hexgaon 88ad361609fffff for service request type Sewer: Blocked/Overflow, had too few weekly samples to proceed with the ridge regression model.
2022-07-04 08:40:58,254 - root - ERROR - Level 8 hexgaon 88ad361a97fffff for service request type Sewer: Blocked/Overflow, had too few weekly samples to proceed with the ridge regression model.
2022-07-04 08:40:59,793 - root - ERROR - Level 8 hexgaon 88ad368599fffff for service request type Sewer: Blocked/Overflow, had too few weekly samples to proceed with the ridge regression model.
2022-07-04 08:41:01,378 - root - ERROR - Level 8 hexgaon 88ad368e83fffff for service request type Sewer: Blocked/Overflow, had too few weekly samples to proceed with the ridge regression model.
2022-07-04 08:41:04,462 - root - ERROR - Level 8 hexgaon 88ad368d43fffff for service request type Sewer: Blocked/Overflow, had too few weekly samples to proceed with the ridge regression model.
2022-07-04 08:41:07,877 - root - ERROR - Level 8 hexgaon 88ad36d591fffff for service request type Sewer: Blocked/Overflow, had too few weekly samples to proceed with the ridge regression model.
2022-07-04 08:41:08,379 - root - ERROR - Level 8 hexgaon 88ad367059fffff for service request type Sewer: Blocked/Overflow, had too few weekly samples to proceed with the ridge regression model.
2022-07-04 08:41:08,878 - root - ERROR - Level 8 hexgaon 88ad36033bfffff for service request type Sewer: Blocked/Overflow, had too few weekly samples to proceed with the ridge regression model.
2022-07-04 08:41:09,645 - root - ERROR - Level 8 hexgaon 88ad361923fffff for service request type Sewer: Blocked/Overflow, had too few weekly samples to proceed with the ridge regression model.
2022-07-04 08:41:09,651 - root - ERROR - Level 8 hexgaon 88ad361461fffff for service request type Sewer: Blocked/Overflow, had too few weekly samples to proceed with the ridge regression model.
2022-07-04 08:41:10,175 - root - ERROR - Level 8 hexgaon 88ad368891fffff for service request type Sewer: Blocked/Overflow, had too few weekly samples to proceed with the ridge regression model.
2022-07-04 08:41:10,181 - root - ERROR - Level 8 hexgaon 88ad361a63fffff for service request type Sewer: Blocked/Overflow, had too few weekly samples to proceed with the ridge regression model.
2022-07-04 08:41:12,595 - root - ERROR - Level 8 hexgaon 88ad36193bfffff for service request type Sewer: Blocked/Overflow, had too few weekly samples to proceed with the ridge regression model.
2022-07-04 08:41:13,707 - root - ERROR - Level 8 hexgaon 88ad368d45fffff for service request type Sewer: Blocked/Overflow, had too few weekly samples to proceed with the ridge regression model.
2022-07-04 08:41:14,418 - root - ERROR - Level 8 hexgaon 88ad361629fffff for service request type Sewer: Blocked/Overflow, had too few weekly samples to proceed with the ridge regression model.
2022-07-04 08:41:15,674 - root - ERROR - Level 8 hexgaon 88ad361501fffff for service request type Sewer: Blocked/Overflow, had too few weekly samples to proceed with the ridge regression model.
2022-07-04 08:41:17,182 - root - ERROR - Level 8 hexgaon 88ad368ce1fffff for service request type Sewer: Blocked/Overflow, had too few weekly samples to proceed with the ridge regression model.
2022-07-04 08:41:17,187 - root - ERROR - Level 8 hexgaon 88ad360101fffff for service request type Sewer: Blocked/Overflow, had too few weekly samples to proceed with the ridge regression model.
2022-07-04 08:41:17,968 - root - ERROR - Level 8 hexgaon 88ad36c61bfffff for service request type Sewer: Blocked/Overflow, had too few weekly samples to proceed with the ridge regression model.
2022-07-04 08:41:17,974 - root - ERROR - Level 8 hexgaon 88ad36850bfffff for service request type Sewer: Blocked/Overflow, had too few weekly samples to proceed with the ridge regression model.
2022-07-04 08:41:20,108 - root - ERROR - Level 8 hexgaon 88ad36d509fffff for service request type Sewer: Blocked/Overflow, had too few weekly samples to proceed with the ridge regression model.
2022-07-04 08:41:21,157 - root - ERROR - Level 8 hexgaon 88ad36175bfffff for service request type Sewer: Blocked/Overflow, had too few weekly samples to proceed with the ridge regression model.
2022-07-04 08:41:22,498 - root - ERROR - Level 8 hexgaon 88ad360199fffff for service request type Sewer: Blocked/Overflow, had too few weekly samples to proceed with the ridge regression model.
2022-07-04 08:41:22,505 - root - ERROR - Level 8 hexgaon 88ad36143dfffff for service request type Sewer: Blocked/Overflow, had too few weekly samples to proceed with the ridge regression model.
2022-07-04 08:41:22,511 - root - ERROR - Level 8 hexgaon 88ad36b93dfffff for service request type Sewer: Blocked/Overflow, had too few weekly samples to proceed with the ridge regression model.
2022-07-04 08:41:23,013 - root - ERROR - Level 8 hexgaon 88ad368e93fffff for service request type Sewer: Blocked/Overflow, had too few weekly samples to proceed with the ridge regression model.
2022-07-04 08:41:23,019 - root - ERROR - Level 8 hexgaon 88ad3695bdfffff for service request type Sewer: Blocked/Overflow, had too few weekly samples to proceed with the ridge regression model.
2022-07-04 08:41:23,519 - root - ERROR - Level 8 hexgaon 88ad368cb3fffff for service request type Sewer: Blocked/Overflow, had too few weekly samples to proceed with the ridge regression model.
2022-07-04 08:41:24,014 - root - ERROR - Level 8 hexgaon 88ad36d5b3fffff for service request type Sewer: Blocked/Overflow, had too few weekly samples to proceed with the ridge regression model.
2022-07-04 08:41:25,002 - root - ERROR - Level 8 hexgaon 88ad3688b3fffff for service request type Sewer: Blocked/Overflow, had too few weekly samples to proceed with the ridge regression model.
2022-07-04 08:41:25,988 - root - ERROR - Level 8 hexgaon 88ad3672b5fffff for service request type Sewer: Blocked/Overflow, had too few weekly samples to proceed with the ridge regression model.
2022-07-04 08:41:26,485 - root - ERROR - Level 8 hexgaon 88ad368d25fffff for service request type Sewer: Blocked/Overflow, had too few weekly samples to proceed with the ridge regression model.
2022-07-04 08:41:27,474 - root - ERROR - Level 8 hexgaon 88ad36c683fffff for service request type Sewer: Blocked/Overflow, had too few weekly samples to proceed with the ridge regression model.
2022-07-04 08:41:27,837 - root - ERROR - Level 8 hexgaon 88ad368c1dfffff for service request type Sewer: Blocked/Overflow, had too few weekly samples to proceed with the ridge regression model.
2022-07-04 08:41:28,004 - root - ERROR - Level 8 hexgaon 88ad3680d9fffff for service request type Sewer: Blocked/Overflow, had too few weekly samples to proceed with the ridge regression model.
2022-07-04 08:41:28,563 - root - ERROR - Level 8 hexgaon 88ad3612edfffff for service request type Sewer: Blocked/Overflow, had too few weekly samples to proceed with the ridge regression model.
2022-07-04 08:41:28,570 - root - ERROR - Level 8 hexgaon 88ad36b96dfffff for service request type Sewer: Blocked/Overflow, had too few weekly samples to proceed with the ridge regression model.
2022-07-04 08:41:28,577 - root - ERROR - Level 8 hexgaon 88ad3656d3fffff for service request type Sewer: Blocked/Overflow, had too few weekly samples to proceed with the ridge regression model.
2022-07-04 08:41:29,081 - root - ERROR - Level 8 hexgaon 88ad368523fffff for service request type Sewer: Blocked/Overflow, had too few weekly samples to proceed with the ridge regression model.
2022-07-04 08:41:31,491 - root - ERROR - Level 8 hexgaon 88ad36c615fffff for service request type Sewer: Blocked/Overflow, had too few weekly samples to proceed with the ridge regression model.
2022-07-04 08:41:31,888 - root - ERROR - Level 8 hexgaon 88ad368d19fffff for service request type Sewer: Blocked/Overflow, had too few weekly samples to proceed with the ridge regression model.
2022-07-04 08:41:32,062 - root - ERROR - Level 8 hexgaon 88ad361533fffff for service request type Sewer: Blocked/Overflow, had too few weekly samples to proceed with the ridge regression model.
2022-07-04 08:41:32,361 - root - ERROR - Level 8 hexgaon 88ad368d6dfffff for service request type Sewer: Blocked/Overflow, had too few weekly samples to proceed with the ridge regression model.
2022-07-04 08:41:32,367 - root - ERROR - Level 8 hexgaon 88ad3654bbfffff for service request type Sewer: Blocked/Overflow, had too few weekly samples to proceed with the ridge regression model.
2022-07-04 08:41:32,372 - root - ERROR - Level 8 hexgaon 88ad36161dfffff for service request type Sewer: Blocked/Overflow, had too few weekly samples to proceed with the ridge regression model.
2022-07-04 08:41:33,849 - root - ERROR - Level 8 hexgaon 88ad36d721fffff for service request type Sewer: Blocked/Overflow, had too few weekly samples to proceed with the ridge regression model.
2022-07-04 08:41:33,857 - root - ERROR - Level 8 hexgaon 88ad368eb3fffff for service request type Sewer: Blocked/Overflow, had too few weekly samples to proceed with the ridge regression model.
2022-07-04 08:41:34,857 - root - ERROR - Level 8 hexgaon 88ad3672bdfffff for service request type Sewer: Blocked/Overflow, had too few weekly samples to proceed with the ridge regression model.
2022-07-04 08:41:35,446 - root - ERROR - Level 8 hexgaon 88ad36859bfffff for service request type Sewer: Blocked/Overflow, had too few weekly samples to proceed with the ridge regression model.
2022-07-04 08:41:35,453 - root - ERROR - Level 8 hexgaon 88ad3670e3fffff for service request type Sewer: Blocked/Overflow, had too few weekly samples to proceed with the ridge regression model.
2022-07-04 08:41:35,459 - root - ERROR - Level 8 hexgaon 88ad360181fffff for service request type Sewer: Blocked/Overflow, had too few weekly samples to proceed with the ridge regression model.
2022-07-04 08:41:35,464 - root - ERROR - Level 8 hexgaon 88ad36c2c3fffff for service request type Sewer: Blocked/Overflow, had too few weekly samples to proceed with the ridge regression model.
2022-07-04 08:41:38,155 - root - ERROR - Level 8 hexgaon 88ad36b965fffff for service request type Sewer: Blocked/Overflow, had too few weekly samples to proceed with the ridge regression model.
2022-07-04 08:41:38,652 - root - ERROR - Level 8 hexgaon 88ad36c62bfffff for service request type Sewer: Blocked/Overflow, had too few weekly samples to proceed with the ridge regression model.
2022-07-04 08:41:38,658 - root - ERROR - Level 8 hexgaon 88ad3685a1fffff for service request type Sewer: Blocked/Overflow, had too few weekly samples to proceed with the ridge regression model.
2022-07-04 08:41:39,155 - root - ERROR - Level 8 hexgaon 88ad360231fffff for service request type Sewer: Blocked/Overflow, had too few weekly samples to proceed with the ridge regression model.
2022-07-04 08:41:39,161 - root - ERROR - Level 8 hexgaon 88ad3609d3fffff for service request type Sewer: Blocked/Overflow, had too few weekly samples to proceed with the ridge regression model.
2022-07-04 08:41:39,846 - root - ERROR - Level 8 hexgaon 88ad361b57fffff for service request type Sewer: Blocked/Overflow, had too few weekly samples to proceed with the ridge regression model.
2022-07-04 08:41:40,495 - root - ERROR - Level 8 hexgaon 88ad367019fffff for service request type Sewer: Blocked/Overflow, had too few weekly samples to proceed with the ridge regression model.
2022-07-04 08:41:40,501 - root - ERROR - Level 8 hexgaon 88ad360b0dfffff for service request type Sewer: Blocked/Overflow, had too few weekly samples to proceed with the ridge regression model.
2022-07-04 08:41:42,167 - root - ERROR - Level 8 hexgaon 88ad3612cdfffff for service request type Sewer: Blocked/Overflow, had too few weekly samples to proceed with the ridge regression model.
2022-07-04 08:41:42,173 - root - ERROR - Level 8 hexgaon 88ad36190dfffff for service request type Sewer: Blocked/Overflow, had too few weekly samples to proceed with the ridge regression model.
2022-07-04 08:41:42,179 - root - ERROR - Level 8 hexgaon 88ad361615fffff for service request type Sewer: Blocked/Overflow, had too few weekly samples to proceed with the ridge regression model.
2022-07-04 08:41:43,348 - root - ERROR - Level 8 hexgaon 88ad361097fffff for service request type Sewer: Blocked/Overflow, had too few weekly samples to proceed with the ridge regression model.
2022-07-04 08:41:45,399 - root - ERROR - Level 8 hexgaon 88ad36548bfffff for service request type Sewer: Blocked/Overflow, had too few weekly samples to proceed with the ridge regression model.
2022-07-04 08:41:45,897 - root - ERROR - Level 8 hexgaon 88ad360333fffff for service request type Sewer: Blocked/Overflow, had too few weekly samples to proceed with the ridge regression model.
2022-07-04 08:41:45,903 - root - ERROR - Level 8 hexgaon 88ad36d569fffff for service request type Sewer: Blocked/Overflow, had too few weekly samples to proceed with the ridge regression model.
2022-07-04 08:41:45,908 - root - ERROR - Level 8 hexgaon 88ad36c63bfffff for service request type Sewer: Blocked/Overflow, had too few weekly samples to proceed with the ridge regression model.
2022-07-04 08:41:45,914 - root - ERROR - Level 8 hexgaon 88ad367281fffff for service request type Sewer: Blocked/Overflow, had too few weekly samples to proceed with the ridge regression model.
2022-07-04 08:41:45,920 - root - ERROR - Level 8 hexgaon 88ad36c63dfffff for service request type Sewer: Blocked/Overflow, had too few weekly samples to proceed with the ridge regression model.
2022-07-04 08:41:45,925 - root - ERROR - Level 8 hexgaon 88ad36b903fffff for service request type Sewer: Blocked/Overflow, had too few weekly samples to proceed with the ridge regression model.
2022-07-04 08:41:45,931 - root - ERROR - Level 8 hexgaon 88ad361619fffff for service request type Sewer: Blocked/Overflow, had too few weekly samples to proceed with the ridge regression model.
2022-07-04 08:41:46,533 - root - ERROR - Level 8 hexgaon 88ad36011dfffff for service request type Sewer: Blocked/Overflow, had too few weekly samples to proceed with the ridge regression model.
2022-07-04 08:41:46,729 - root - ERROR - Level 8 hexgaon 88ad360d53fffff for service request type Sewer: Blocked/Overflow, had too few weekly samples to proceed with the ridge regression model.
2022-07-04 08:41:46,735 - root - ERROR - Level 8 hexgaon 88ad360d51fffff for service request type Sewer: Blocked/Overflow, had too few weekly samples to proceed with the ridge regression model.
2022-07-04 08:41:46,741 - root - ERROR - Level 8 hexgaon 88ad360115fffff for service request type Sewer: Blocked/Overflow, had too few weekly samples to proceed with the ridge regression model.
2022-07-04 08:41:47,114 - root - ERROR - Level 8 hexgaon 88ad360269fffff for service request type Sewer: Blocked/Overflow, had too few weekly samples to proceed with the ridge regression model.
2022-07-04 08:41:48,102 - root - ERROR - Level 8 hexgaon 88ad360543fffff for service request type Sewer: Blocked/Overflow, had too few weekly samples to proceed with the ridge regression model.
2022-07-04 08:41:48,108 - root - ERROR - Level 8 hexgaon 88ad365681fffff for service request type Sewer: Blocked/Overflow, had too few weekly samples to proceed with the ridge regression model.
2022-07-04 08:41:48,114 - root - ERROR - Level 8 hexgaon 88ad361acbfffff for service request type Sewer: Blocked/Overflow, had too few weekly samples to proceed with the ridge regression model.
2022-07-04 08:41:48,337 - root - ERROR - Level 8 hexgaon 88ad36854bfffff for service request type Sewer: Blocked/Overflow, had too few weekly samples to proceed with the ridge regression model.
2022-07-04 08:41:48,836 - root - ERROR - Level 8 hexgaon 88ad36c741fffff for service request type Sewer: Blocked/Overflow, had too few weekly samples to proceed with the ridge regression model.
2022-07-04 08:41:49,334 - root - ERROR - Level 8 hexgaon 88ad36d535fffff for service request type Sewer: Blocked/Overflow, had too few weekly samples to proceed with the ridge regression model.
2022-07-04 08:41:49,833 - root - ERROR - Level 8 hexgaon 88ad368463fffff for service request type Sewer: Blocked/Overflow, had too few weekly samples to proceed with the ridge regression model.
2022-07-04 08:41:49,839 - root - ERROR - Level 8 hexgaon 88ad361601fffff for service request type Sewer: Blocked/Overflow, had too few weekly samples to proceed with the ridge regression model.
2022-07-04 08:41:49,844 - root - ERROR - Level 8 hexgaon 88ad36c653fffff for service request type Sewer: Blocked/Overflow, had too few weekly samples to proceed with the ridge regression model.
2022-07-04 08:41:49,850 - root - ERROR - Level 8 hexgaon 88ad36620dfffff for service request type Sewer: Blocked/Overflow, had too few weekly samples to proceed with the ridge regression model.
2022-07-04 08:41:49,856 - root - ERROR - Level 8 hexgaon 88ad361659fffff for service request type Sewer: Blocked/Overflow, had too few weekly samples to proceed with the ridge regression model.
2022-07-04 08:41:49,862 - root - ERROR - Level 8 hexgaon 88ad36d73dfffff for service request type Sewer: Blocked/Overflow, had too few weekly samples to proceed with the ridge regression model.
2022-07-04 08:41:49,867 - root - ERROR - Level 8 hexgaon 88ad367037fffff for service request type Sewer: Blocked/Overflow, had too few weekly samples to proceed with the ridge regression model.
2022-07-04 08:41:49,873 - root - ERROR - Level 8 hexgaon 88ad360c2dfffff for service request type Sewer: Blocked/Overflow, had too few weekly samples to proceed with the ridge regression model.
2022-07-04 08:41:49,879 - root - ERROR - Level 8 hexgaon 88ad36112bfffff for service request type Sewer: Blocked/Overflow, had too few weekly samples to proceed with the ridge regression model.
2022-07-04 08:41:49,884 - root - ERROR - Level 8 hexgaon 88ad360e67fffff for service request type Sewer: Blocked/Overflow, had too few weekly samples to proceed with the ridge regression model.
2022-07-04 08:41:50,705 - root - ERROR - Level 8 hexgaon 88ad360f4dfffff for service request type Sewer: Blocked/Overflow, had too few weekly samples to proceed with the ridge regression model.
2022-07-04 08:41:50,711 - root - ERROR - Level 8 hexgaon 88ad36198dfffff for service request type Sewer: Blocked/Overflow, had too few weekly samples to proceed with the ridge regression model.
2022-07-04 08:41:50,717 - root - ERROR - Level 8 hexgaon 88ad361a39fffff for service request type Sewer: Blocked/Overflow, had too few weekly samples to proceed with the ridge regression model.
2022-07-04 08:41:51,712 - root - ERROR - Level 8 hexgaon 88ad36705dfffff for service request type Sewer: Blocked/Overflow, had too few weekly samples to proceed with the ridge regression model.
2022-07-04 08:41:52,951 - root - ERROR - Level 8 hexgaon 88ad36c695fffff for service request type Sewer: Blocked/Overflow, had too few weekly samples to proceed with the ridge regression model.
2022-07-04 08:41:53,845 - root - ERROR - Level 8 hexgaon 88ad36c2e1fffff for service request type Sewer: Blocked/Overflow, had too few weekly samples to proceed with the ridge regression model.
2022-07-04 08:41:54,346 - root - ERROR - Level 8 hexgaon 88ad36146bfffff for service request type Sewer: Blocked/Overflow, had too few weekly samples to proceed with the ridge regression model.
2022-07-04 08:41:54,353 - root - ERROR - Level 8 hexgaon 88ad361405fffff for service request type Sewer: Blocked/Overflow, had too few weekly samples to proceed with the ridge regression model.
2022-07-04 08:41:54,359 - root - ERROR - Level 8 hexgaon 88ad36033dfffff for service request type Sewer: Blocked/Overflow, had too few weekly samples to proceed with the ridge regression model.
2022-07-04 08:41:54,365 - root - ERROR - Level 8 hexgaon 88ad368723fffff for service request type Sewer: Blocked/Overflow, had too few weekly samples to proceed with the ridge regression model.
2022-07-04 08:41:55,019 - root - ERROR - Level 8 hexgaon 88ad36c457fffff for service request type Sewer: Blocked/Overflow, had too few weekly samples to proceed with the ridge regression model.
2022-07-04 08:41:55,518 - root - ERROR - Level 8 hexgaon 88ad36958dfffff for service request type Sewer: Blocked/Overflow, had too few weekly samples to proceed with the ridge regression model.
2022-07-04 08:41:55,524 - root - ERROR - Level 8 hexgaon 88ad36121bfffff for service request type Sewer: Blocked/Overflow, had too few weekly samples to proceed with the ridge regression model.
2022-07-04 08:41:55,530 - root - ERROR - Level 8 hexgaon 88ad36131dfffff for service request type Sewer: Blocked/Overflow, had too few weekly samples to proceed with the ridge regression model.
2022-07-04 08:41:55,535 - root - ERROR - Level 8 hexgaon 88ad360f27fffff for service request type Sewer: Blocked/Overflow, had too few weekly samples to proceed with the ridge regression model.
2022-07-04 08:41:55,541 - root - ERROR - Level 8 hexgaon 88ad367193fffff for service request type Sewer: Blocked/Overflow, had too few weekly samples to proceed with the ridge regression model.
2022-07-04 08:41:55,547 - root - ERROR - Level 8 hexgaon 88ad368ddbfffff for service request type Sewer: Blocked/Overflow, had too few weekly samples to proceed with the ridge regression model.
2022-07-04 08:41:55,552 - root - ERROR - Level 8 hexgaon 88ad36718dfffff for service request type Sewer: Blocked/Overflow, had too few weekly samples to proceed with the ridge regression model.
2022-07-04 08:41:55,558 - root - ERROR - Level 8 hexgaon 88ad36c687fffff for service request type Sewer: Blocked/Overflow, had too few weekly samples to proceed with the ridge regression model.
2022-07-04 08:41:56,054 - root - ERROR - Level 8 hexgaon 88ad36c2c9fffff for service request type Sewer: Blocked/Overflow, had too few weekly samples to proceed with the ridge regression model.
2022-07-04 08:41:56,551 - root - ERROR - Level 8 hexgaon 88ad3618a3fffff for service request type Sewer: Blocked/Overflow, had too few weekly samples to proceed with the ridge regression model.
2022-07-04 08:41:57,206 - root - ERROR - Level 8 hexgaon 88ad361445fffff for service request type Sewer: Blocked/Overflow, had too few weekly samples to proceed with the ridge regression model.
2022-07-04 08:41:57,212 - root - ERROR - Level 8 hexgaon 88ad368927fffff for service request type Sewer: Blocked/Overflow, had too few weekly samples to proceed with the ridge regression model.
2022-07-04 08:41:57,217 - root - ERROR - Level 8 hexgaon 88ad361885fffff for service request type Sewer: Blocked/Overflow, had too few weekly samples to proceed with the ridge regression model.
2022-07-04 08:41:57,717 - root - ERROR - Level 8 hexgaon 88ad36194dfffff for service request type Sewer: Blocked/Overflow, had too few weekly samples to proceed with the ridge regression model.
2022-07-04 08:41:57,723 - root - ERROR - Level 8 hexgaon 88ad360109fffff for service request type Sewer: Blocked/Overflow, had too few weekly samples to proceed with the ridge regression model.
2022-07-04 08:41:58,219 - root - ERROR - Level 8 hexgaon 88ad361a61fffff for service request type Sewer: Blocked/Overflow, had too few weekly samples to proceed with the ridge regression model.
2022-07-04 08:41:58,224 - root - ERROR - Level 8 hexgaon 88ad3672a1fffff for service request type Sewer: Blocked/Overflow, had too few weekly samples to proceed with the ridge regression model.
2022-07-04 08:41:58,472 - root - ERROR - Level 8 hexgaon 88ad360153fffff for service request type Sewer: Blocked/Overflow, had too few weekly samples to proceed with the ridge regression model.
2022-07-04 08:41:58,479 - root - ERROR - Level 8 hexgaon 88ad368729fffff for service request type Sewer: Blocked/Overflow, had too few weekly samples to proceed with the ridge regression model.
2022-07-04 08:41:58,485 - root - ERROR - Level 8 hexgaon 88ad368ca7fffff for service request type Sewer: Blocked/Overflow, had too few weekly samples to proceed with the ridge regression model.
2022-07-04 08:41:58,491 - root - ERROR - Level 8 hexgaon 88ad360065fffff for service request type Sewer: Blocked/Overflow, had too few weekly samples to proceed with the ridge regression model.
2022-07-04 08:41:58,496 - root - ERROR - Level 8 hexgaon 88ad3680d7fffff for service request type Sewer: Blocked/Overflow, had too few weekly samples to proceed with the ridge regression model.
2022-07-04 08:41:58,992 - root - ERROR - Level 8 hexgaon 88ad36bb69fffff for service request type Sewer: Blocked/Overflow, had too few weekly samples to proceed with the ridge regression model.
2022-07-04 08:41:58,999 - root - ERROR - Level 8 hexgaon 88ad360047fffff for service request type Sewer: Blocked/Overflow, had too few weekly samples to proceed with the ridge regression model.
2022-07-04 08:41:59,005 - root - ERROR - Level 8 hexgaon 88ad36c68bfffff for service request type Sewer: Blocked/Overflow, had too few weekly samples to proceed with the ridge regression model.
2022-07-04 08:41:59,011 - root - ERROR - Level 8 hexgaon 88ad360069fffff for service request type Sewer: Blocked/Overflow, had too few weekly samples to proceed with the ridge regression model.
2022-07-04 08:41:59,016 - root - ERROR - Level 8 hexgaon 88ad360ac3fffff for service request type Sewer: Blocked/Overflow, had too few weekly samples to proceed with the ridge regression model.
2022-07-04 08:41:59,022 - root - ERROR - Level 8 hexgaon 88ad368ee1fffff for service request type Sewer: Blocked/Overflow, had too few weekly samples to proceed with the ridge regression model.
2022-07-04 08:41:59,028 - root - ERROR - Level 8 hexgaon 88ad360a1bfffff for service request type Sewer: Blocked/Overflow, had too few weekly samples to proceed with the ridge regression model.
2022-07-04 08:41:59,033 - root - ERROR - Level 8 hexgaon 88ad3689a3fffff for service request type Sewer: Blocked/Overflow, had too few weekly samples to proceed with the ridge regression model.
2022-07-04 08:41:59,039 - root - ERROR - Level 8 hexgaon 88ad361a05fffff for service request type Sewer: Blocked/Overflow, had too few weekly samples to proceed with the ridge regression model.
2022-07-04 08:41:59,045 - root - ERROR - Level 8 hexgaon 88ad368eebfffff for service request type Sewer: Blocked/Overflow, had too few weekly samples to proceed with the ridge regression model.
2022-07-04 08:41:59,050 - root - ERROR - Level 8 hexgaon 88ad36bb45fffff for service request type Sewer: Blocked/Overflow, had too few weekly samples to proceed with the ridge regression model.
2022-07-04 08:41:59,056 - root - ERROR - Level 8 hexgaon 88ad368543fffff for service request type Sewer: Blocked/Overflow, had too few weekly samples to proceed with the ridge regression model.
2022-07-04 08:41:59,062 - root - ERROR - Level 8 hexgaon 88ad36c689fffff for service request type Sewer: Blocked/Overflow, had too few weekly samples to proceed with the ridge regression model.
2022-07-04 08:41:59,067 - root - ERROR - Level 8 hexgaon 88ad36c6d5fffff for service request type Sewer: Blocked/Overflow, had too few weekly samples to proceed with the ridge regression model.
2022-07-04 08:41:59,073 - root - ERROR - Level 8 hexgaon 88ad361363fffff for service request type Sewer: Blocked/Overflow, had too few weekly samples to proceed with the ridge regression model.
2022-07-04 08:41:59,079 - root - ERROR - Level 8 hexgaon 88ad368925fffff for service request type Sewer: Blocked/Overflow, had too few weekly samples to proceed with the ridge regression model.
2022-07-04 08:41:59,084 - root - ERROR - Level 8 hexgaon 88ad361243fffff for service request type Sewer: Blocked/Overflow, had too few weekly samples to proceed with the ridge regression model.
2022-07-04 08:41:59,090 - root - ERROR - Level 8 hexgaon 88ad36006bfffff for service request type Sewer: Blocked/Overflow, had too few weekly samples to proceed with the ridge regression model.
2022-07-04 08:41:59,096 - root - ERROR - Level 8 hexgaon 88ad365699fffff for service request type Sewer: Blocked/Overflow, had too few weekly samples to proceed with the ridge regression model.
2022-07-04 08:41:59,101 - root - ERROR - Level 8 hexgaon 88ad360f19fffff for service request type Sewer: Blocked/Overflow, had too few weekly samples to proceed with the ridge regression model.
2022-07-04 08:41:59,107 - root - ERROR - Level 8 hexgaon 88ad366261fffff for service request type Sewer: Blocked/Overflow, had too few weekly samples to proceed with the ridge regression model.
2022-07-04 08:41:59,112 - root - ERROR - Level 8 hexgaon 88ad3672e3fffff for service request type Sewer: Blocked/Overflow, had too few weekly samples to proceed with the ridge regression model.
2022-07-04 08:41:59,118 - root - ERROR - Level 8 hexgaon 88ad3672ebfffff for service request type Sewer: Blocked/Overflow, had too few weekly samples to proceed with the ridge regression model.
2022-07-04 08:41:59,124 - root - ERROR - Level 8 hexgaon 88ad36d09dfffff for service request type Sewer: Blocked/Overflow, had too few weekly samples to proceed with the ridge regression model.
2022-07-04 08:41:59,129 - root - ERROR - Level 8 hexgaon 88ad360015fffff for service request type Sewer: Blocked/Overflow, had too few weekly samples to proceed with the ridge regression model.
2022-07-04 08:41:59,135 - root - ERROR - Level 8 hexgaon 88ad361159fffff for service request type Sewer: Blocked/Overflow, had too few weekly samples to proceed with the ridge regression model.
2022-07-04 08:41:59,141 - root - ERROR - Level 8 hexgaon 88ad368eb1fffff for service request type Sewer: Blocked/Overflow, had too few weekly samples to proceed with the ridge regression model.
2022-07-04 08:41:59,146 - root - ERROR - Level 8 hexgaon 88ad360103fffff for service request type Sewer: Blocked/Overflow, had too few weekly samples to proceed with the ridge regression model.
2022-07-04 08:41:59,152 - root - ERROR - Level 8 hexgaon 88ad3615cdfffff for service request type Sewer: Blocked/Overflow, had too few weekly samples to proceed with the ridge regression model.
2022-07-04 08:41:59,158 - root - ERROR - Level 8 hexgaon 88ad3672bbfffff for service request type Sewer: Blocked/Overflow, had too few weekly samples to proceed with the ridge regression model.
2022-07-04 08:41:59,163 - root - ERROR - Level 8 hexgaon 88ad360261fffff for service request type Sewer: Blocked/Overflow, had too few weekly samples to proceed with the ridge regression model.
2022-07-04 08:41:59,170 - root - ERROR - Level 8 hexgaon 88ad361559fffff for service request type Sewer: Blocked/Overflow, had too few weekly samples to proceed with the ridge regression model.
2022-07-04 08:41:59,176 - root - ERROR - Level 8 hexgaon 88ad36c645fffff for service request type Sewer: Blocked/Overflow, had too few weekly samples to proceed with the ridge regression model.
2022-07-04 08:41:59,181 - root - ERROR - Level 8 hexgaon 88ad361257fffff for service request type Sewer: Blocked/Overflow, had too few weekly samples to proceed with the ridge regression model.
2022-07-04 08:41:59,187 - root - ERROR - Level 8 hexgaon 88ad361907fffff for service request type Sewer: Blocked/Overflow, had too few weekly samples to proceed with the ridge regression model.
2022-07-04 08:41:59,193 - root - ERROR - Level 8 hexgaon 88ad360c27fffff for service request type Sewer: Blocked/Overflow, had too few weekly samples to proceed with the ridge regression model.
2022-07-04 08:41:59,198 - root - ERROR - Level 8 hexgaon 88ad368e15fffff for service request type Sewer: Blocked/Overflow, had too few weekly samples to proceed with the ridge regression model.
2022-07-04 08:41:59,204 - root - ERROR - Level 8 hexgaon 88ad3616cdfffff for service request type Sewer: Blocked/Overflow, had too few weekly samples to proceed with the ridge regression model.
2022-07-04 08:41:59,210 - root - ERROR - Level 8 hexgaon 88ad361921fffff for service request type Sewer: Blocked/Overflow, had too few weekly samples to proceed with the ridge regression model.
2022-07-04 08:41:59,215 - root - ERROR - Level 8 hexgaon 88ad368885fffff for service request type Sewer: Blocked/Overflow, had too few weekly samples to proceed with the ridge regression model.
2022-07-04 08:41:59,221 - root - ERROR - Level 8 hexgaon 88ad361723fffff for service request type Sewer: Blocked/Overflow, had too few weekly samples to proceed with the ridge regression model.
2022-07-04 08:41:59,227 - root - ERROR - Level 8 hexgaon 88ad360a13fffff for service request type Sewer: Blocked/Overflow, had too few weekly samples to proceed with the ridge regression model.
2022-07-04 08:41:59,232 - root - ERROR - Level 8 hexgaon 88ad360d45fffff for service request type Sewer: Blocked/Overflow, had too few weekly samples to proceed with the ridge regression model.
2022-07-04 08:41:59,238 - root - ERROR - Level 8 hexgaon 88ad367259fffff for service request type Sewer: Blocked/Overflow, had too few weekly samples to proceed with the ridge regression model.
2022-07-04 08:41:59,244 - root - ERROR - Level 8 hexgaon 88ad368721fffff for service request type Sewer: Blocked/Overflow, had too few weekly samples to proceed with the ridge regression model.
2022-07-04 08:41:59,249 - root - ERROR - Level 8 hexgaon 88ad36560bfffff for service request type Sewer: Blocked/Overflow, had too few weekly samples to proceed with the ridge regression model.
2022-07-04 08:41:59,255 - root - ERROR - Level 8 hexgaon 88ad3618abfffff for service request type Sewer: Blocked/Overflow, had too few weekly samples to proceed with the ridge regression model.
2022-07-04 08:41:59,261 - root - ERROR - Level 8 hexgaon 88ad360f4bfffff for service request type Sewer: Blocked/Overflow, had too few weekly samples to proceed with the ridge regression model.
2022-07-04 08:41:59,266 - root - ERROR - Level 8 hexgaon 88ad364299fffff for service request type Sewer: Blocked/Overflow, had too few weekly samples to proceed with the ridge regression model.
2022-07-04 08:41:59,272 - root - ERROR - Level 8 hexgaon 88ad36549dfffff for service request type Sewer: Blocked/Overflow, had too few weekly samples to proceed with the ridge regression model.
2022-07-04 08:41:59,277 - root - ERROR - Level 8 hexgaon 88ad367357fffff for service request type Sewer: Blocked/Overflow, had too few weekly samples to proceed with the ridge regression model.
2022-07-04 08:41:59,283 - root - ERROR - Level 8 hexgaon 88ad36d5d7fffff for service request type Sewer: Blocked/Overflow, had too few weekly samples to proceed with the ridge regression model.
2022-07-04 08:41:59,289 - root - ERROR - Level 8 hexgaon 88ad361999fffff for service request type Sewer: Blocked/Overflow, had too few weekly samples to proceed with the ridge regression model.
2022-07-04 08:41:59,294 - root - ERROR - Level 8 hexgaon 88ad361469fffff for service request type Sewer: Blocked/Overflow, had too few weekly samples to proceed with the ridge regression model.
2022-07-04 08:41:59,300 - root - ERROR - Level 8 hexgaon 88ad360f51fffff for service request type Sewer: Blocked/Overflow, had too few weekly samples to proceed with the ridge regression model.
2022-07-04 08:41:59,306 - root - ERROR - Level 8 hexgaon 88ad368727fffff for service request type Sewer: Blocked/Overflow, had too few weekly samples to proceed with the ridge regression model.
2022-07-04 08:41:59,311 - root - ERROR - Level 8 hexgaon 88ad361627fffff for service request type Sewer: Blocked/Overflow, had too few weekly samples to proceed with the ridge regression model.
2022-07-04 08:41:59,317 - root - ERROR - Level 8 hexgaon 88ad36d71bfffff for service request type Sewer: Blocked/Overflow, had too few weekly samples to proceed with the ridge regression model.
2022-07-04 08:47:38,491 - root - INFO - Summary of joins:
2022-07-04 08:47:38,492 - root - INFO - --------------------------------------------------
2022-07-04 08:47:38,492 - root - INFO - A total of 212364 service requests did not have valid coordinates.
2022-07-04 08:47:38,492 - root - INFO - A total of 3 service requests did not have coordinates within the boundaries of Cape Town.
2022-07-04 08:47:38,492 - root - INFO - The current join error percentage 22.553030158214337% does not exceed that of the threshold(50%).
2022-07-04 08:47:38,492 - root - INFO - --------------------------------------------------
2022-07-04 08:48:21,269 - root - INFO -  Hex regression error section:
2022-07-04 08:48:21,269 - root - INFO - --------------------------------------------------
2022-07-04 08:48:22,390 - root - ERROR - Level 8 hexgaon 88ad361213fffff for service request type Sewer: Blocked/Overflow, had too few weekly samples to proceed with the ridge regression model.
2022-07-04 08:48:26,856 - root - ERROR - Level 8 hexgaon 88ad361213fffff for service request type Sewer: Blocked/Overflow, had too few weekly samples to proceed with the ridge regression model.
2022-07-04 08:49:04,865 - root - ERROR - Level 8 hexgaon 88ad368db5fffff for service request type Sewer: Blocked/Overflow, had too few weekly samples to proceed with the ridge regression model.
2022-07-04 08:49:38,124 - root - ERROR - Level 8 hexgaon 88ad36c4e9fffff for service request type Sewer: Blocked/Overflow, had too few weekly samples to proceed with the ridge regression model.
2022-07-04 08:51:44,584 - root - ERROR - Level 8 hexgaon 88ad36718bfffff for service request type Sewer: Blocked/Overflow, had too few weekly samples to proceed with the ridge regression model.
2022-07-04 08:51:54,117 - root - ERROR - Level 8 hexgaon 88ad3616edfffff for service request type Sewer: Blocked/Overflow, had too few weekly samples to proceed with the ridge regression model.
2022-07-04 08:52:08,576 - root - ERROR - Level 8 hexgaon 88ad36d40dfffff for service request type Sewer: Blocked/Overflow, had too few weekly samples to proceed with the ridge regression model.
2022-07-04 08:52:36,100 - root - ERROR - Level 8 hexgaon 88ad3616e1fffff for service request type Sewer: Blocked/Overflow, had too few weekly samples to proceed with the ridge regression model.
2022-07-04 08:53:02,724 - root - ERROR - Level 8 hexgaon 88ad3619e5fffff for service request type Sewer: Blocked/Overflow, had too few weekly samples to proceed with the ridge regression model.
2022-07-04 08:53:06,728 - root - ERROR - Level 8 hexgaon 88ad361029fffff for service request type Sewer: Blocked/Overflow, had too few weekly samples to proceed with the ridge regression model.
2022-07-04 08:53:16,235 - root - ERROR - Level 8 hexgaon 88ad368f23fffff for service request type Sewer: Blocked/Overflow, had too few weekly samples to proceed with the ridge regression model.
2022-07-04 08:53:58,918 - root - ERROR - Level 8 hexgaon 88ad3618b5fffff for service request type Sewer: Blocked/Overflow, had too few weekly samples to proceed with the ridge regression model.
2022-07-04 08:54:39,173 - root - ERROR - Level 8 hexgaon 88ad368d65fffff for service request type Sewer: Blocked/Overflow, had too few weekly samples to proceed with the ridge regression model.
2022-07-04 08:55:08,467 - root - ERROR - Level 8 hexgaon 88ad36c619fffff for service request type Sewer: Blocked/Overflow, had too few weekly samples to proceed with the ridge regression model.
2022-07-04 08:55:10,588 - root - ERROR - Level 8 hexgaon 88ad36d731fffff for service request type Sewer: Blocked/Overflow, had too few weekly samples to proceed with the ridge regression model.
2022-07-04 08:55:12,608 - root - ERROR - Level 8 hexgaon 88ad36d583fffff for service request type Sewer: Blocked/Overflow, had too few weekly samples to proceed with the ridge regression model.
2022-07-04 08:55:53,420 - root - ERROR - Level 8 hexgaon 88ad368ce9fffff for service request type Sewer: Blocked/Overflow, had too few weekly samples to proceed with the ridge regression model.
2022-07-04 08:55:56,343 - root - ERROR - Level 8 hexgaon 88ad36006dfffff for service request type Sewer: Blocked/Overflow, had too few weekly samples to proceed with the ridge regression model.
2022-07-04 08:56:04,025 - root - ERROR - Level 8 hexgaon 88ad3612e1fffff for service request type Sewer: Blocked/Overflow, had too few weekly samples to proceed with the ridge regression model.
2022-07-04 08:56:10,070 - root - ERROR - Level 8 hexgaon 88ad361135fffff for service request type Sewer: Blocked/Overflow, had too few weekly samples to proceed with the ridge regression model.
2022-07-04 08:56:19,484 - root - ERROR - Level 8 hexgaon 88ad361965fffff for service request type Sewer: Blocked/Overflow, had too few weekly samples to proceed with the ridge regression model.
2022-07-04 08:56:26,942 - root - ERROR - Level 8 hexgaon 88ad360a55fffff for service request type Sewer: Blocked/Overflow, had too few weekly samples to proceed with the ridge regression model.
2022-07-04 08:56:34,208 - root - ERROR - Level 8 hexgaon 88ad36c289fffff for service request type Sewer: Blocked/Overflow, had too few weekly samples to proceed with the ridge regression model.
2022-07-04 08:56:35,015 - root - ERROR - Level 8 hexgaon 88ad360305fffff for service request type Sewer: Blocked/Overflow, had too few weekly samples to proceed with the ridge regression model.
2022-07-04 08:56:36,084 - root - ERROR - Level 8 hexgaon 88ad360265fffff for service request type Sewer: Blocked/Overflow, had too few weekly samples to proceed with the ridge regression model.
2022-07-04 08:56:36,844 - root - ERROR - Level 8 hexgaon 88ad368091fffff for service request type Sewer: Blocked/Overflow, had too few weekly samples to proceed with the ridge regression model.
2022-07-04 08:56:39,610 - root - ERROR - Level 8 hexgaon 88ad366245fffff for service request type Sewer: Blocked/Overflow, had too few weekly samples to proceed with the ridge regression model.
2022-07-04 08:56:40,263 - root - ERROR - Level 8 hexgaon 88ad36d5d9fffff for service request type Sewer: Blocked/Overflow, had too few weekly samples to proceed with the ridge regression model.
2022-07-04 08:56:42,049 - root - ERROR - Level 8 hexgaon 88ad36852dfffff for service request type Sewer: Blocked/Overflow, had too few weekly samples to proceed with the ridge regression model.
2022-07-04 08:56:42,056 - root - ERROR - Level 8 hexgaon 88ad36188dfffff for service request type Sewer: Blocked/Overflow, had too few weekly samples to proceed with the ridge regression model.
2022-07-04 08:56:46,245 - root - ERROR - Level 8 hexgaon 88ad360209fffff for service request type Sewer: Blocked/Overflow, had too few weekly samples to proceed with the ridge regression model.
2022-07-04 08:56:47,745 - root - ERROR - Level 8 hexgaon 88ad36b92bfffff for service request type Sewer: Blocked/Overflow, had too few weekly samples to proceed with the ridge regression model.
2022-07-04 08:56:50,518 - root - ERROR - Level 8 hexgaon 88ad360d41fffff for service request type Sewer: Blocked/Overflow, had too few weekly samples to proceed with the ridge regression model.
2022-07-04 08:56:53,528 - root - ERROR - Level 8 hexgaon 88ad368d0bfffff for service request type Sewer: Blocked/Overflow, had too few weekly samples to proceed with the ridge regression model.
2022-07-04 08:56:57,664 - root - ERROR - Level 8 hexgaon 88ad368939fffff for service request type Sewer: Blocked/Overflow, had too few weekly samples to proceed with the ridge regression model.
2022-07-04 08:56:59,726 - root - ERROR - Level 8 hexgaon 88ad361609fffff for service request type Sewer: Blocked/Overflow, had too few weekly samples to proceed with the ridge regression model.
2022-07-04 08:56:59,732 - root - ERROR - Level 8 hexgaon 88ad361a97fffff for service request type Sewer: Blocked/Overflow, had too few weekly samples to proceed with the ridge regression model.
2022-07-04 08:57:00,966 - root - ERROR - Level 8 hexgaon 88ad368599fffff for service request type Sewer: Blocked/Overflow, had too few weekly samples to proceed with the ridge regression model.
2022-07-04 08:57:02,212 - root - ERROR - Level 8 hexgaon 88ad368e83fffff for service request type Sewer: Blocked/Overflow, had too few weekly samples to proceed with the ridge regression model.
2022-07-04 08:57:05,256 - root - ERROR - Level 8 hexgaon 88ad368d43fffff for service request type Sewer: Blocked/Overflow, had too few weekly samples to proceed with the ridge regression model.
2022-07-04 08:57:08,629 - root - ERROR - Level 8 hexgaon 88ad36d591fffff for service request type Sewer: Blocked/Overflow, had too few weekly samples to proceed with the ridge regression model.
2022-07-04 08:57:09,133 - root - ERROR - Level 8 hexgaon 88ad367059fffff for service request type Sewer: Blocked/Overflow, had too few weekly samples to proceed with the ridge regression model.
2022-07-04 08:57:09,632 - root - ERROR - Level 8 hexgaon 88ad36033bfffff for service request type Sewer: Blocked/Overflow, had too few weekly samples to proceed with the ridge regression model.
2022-07-04 08:57:10,256 - root - ERROR - Level 8 hexgaon 88ad361923fffff for service request type Sewer: Blocked/Overflow, had too few weekly samples to proceed with the ridge regression model.
2022-07-04 08:57:10,262 - root - ERROR - Level 8 hexgaon 88ad361461fffff for service request type Sewer: Blocked/Overflow, had too few weekly samples to proceed with the ridge regression model.
2022-07-04 08:57:10,550 - root - ERROR - Level 8 hexgaon 88ad368891fffff for service request type Sewer: Blocked/Overflow, had too few weekly samples to proceed with the ridge regression model.
2022-07-04 08:57:10,556 - root - ERROR - Level 8 hexgaon 88ad361a63fffff for service request type Sewer: Blocked/Overflow, had too few weekly samples to proceed with the ridge regression model.
2022-07-04 08:57:12,680 - root - ERROR - Level 8 hexgaon 88ad36193bfffff for service request type Sewer: Blocked/Overflow, had too few weekly samples to proceed with the ridge regression model.
2022-07-04 08:57:13,801 - root - ERROR - Level 8 hexgaon 88ad368d45fffff for service request type Sewer: Blocked/Overflow, had too few weekly samples to proceed with the ridge regression model.
2022-07-04 08:57:14,520 - root - ERROR - Level 8 hexgaon 88ad361629fffff for service request type Sewer: Blocked/Overflow, had too few weekly samples to proceed with the ridge regression model.
2022-07-04 08:57:15,750 - root - ERROR - Level 8 hexgaon 88ad361501fffff for service request type Sewer: Blocked/Overflow, had too few weekly samples to proceed with the ridge regression model.
2022-07-04 08:57:17,257 - root - ERROR - Level 8 hexgaon 88ad368ce1fffff for service request type Sewer: Blocked/Overflow, had too few weekly samples to proceed with the ridge regression model.
2022-07-04 08:57:17,263 - root - ERROR - Level 8 hexgaon 88ad360101fffff for service request type Sewer: Blocked/Overflow, had too few weekly samples to proceed with the ridge regression model.
2022-07-04 08:57:17,882 - root - ERROR - Level 8 hexgaon 88ad36c61bfffff for service request type Sewer: Blocked/Overflow, had too few weekly samples to proceed with the ridge regression model.
2022-07-04 08:57:17,888 - root - ERROR - Level 8 hexgaon 88ad36850bfffff for service request type Sewer: Blocked/Overflow, had too few weekly samples to proceed with the ridge regression model.
2022-07-04 08:57:19,873 - root - ERROR - Level 8 hexgaon 88ad36d509fffff for service request type Sewer: Blocked/Overflow, had too few weekly samples to proceed with the ridge regression model.
2022-07-04 08:57:20,943 - root - ERROR - Level 8 hexgaon 88ad36175bfffff for service request type Sewer: Blocked/Overflow, had too few weekly samples to proceed with the ridge regression model.
2022-07-04 08:57:22,305 - root - ERROR - Level 8 hexgaon 88ad360199fffff for service request type Sewer: Blocked/Overflow, had too few weekly samples to proceed with the ridge regression model.
2022-07-04 08:57:22,311 - root - ERROR - Level 8 hexgaon 88ad36143dfffff for service request type Sewer: Blocked/Overflow, had too few weekly samples to proceed with the ridge regression model.
2022-07-04 08:57:22,317 - root - ERROR - Level 8 hexgaon 88ad36b93dfffff for service request type Sewer: Blocked/Overflow, had too few weekly samples to proceed with the ridge regression model.
2022-07-04 08:57:22,815 - root - ERROR - Level 8 hexgaon 88ad368e93fffff for service request type Sewer: Blocked/Overflow, had too few weekly samples to proceed with the ridge regression model.
2022-07-04 08:57:22,822 - root - ERROR - Level 8 hexgaon 88ad3695bdfffff for service request type Sewer: Blocked/Overflow, had too few weekly samples to proceed with the ridge regression model.
2022-07-04 08:57:23,322 - root - ERROR - Level 8 hexgaon 88ad368cb3fffff for service request type Sewer: Blocked/Overflow, had too few weekly samples to proceed with the ridge regression model.
2022-07-04 08:57:23,825 - root - ERROR - Level 8 hexgaon 88ad36d5b3fffff for service request type Sewer: Blocked/Overflow, had too few weekly samples to proceed with the ridge regression model.
2022-07-04 08:57:24,828 - root - ERROR - Level 8 hexgaon 88ad3688b3fffff for service request type Sewer: Blocked/Overflow, had too few weekly samples to proceed with the ridge regression model.
2022-07-04 08:57:25,831 - root - ERROR - Level 8 hexgaon 88ad3672b5fffff for service request type Sewer: Blocked/Overflow, had too few weekly samples to proceed with the ridge regression model.
2022-07-04 08:57:26,332 - root - ERROR - Level 8 hexgaon 88ad368d25fffff for service request type Sewer: Blocked/Overflow, had too few weekly samples to proceed with the ridge regression model.
2022-07-04 08:57:27,325 - root - ERROR - Level 8 hexgaon 88ad36c683fffff for service request type Sewer: Blocked/Overflow, had too few weekly samples to proceed with the ridge regression model.
2022-07-04 08:57:27,689 - root - ERROR - Level 8 hexgaon 88ad368c1dfffff for service request type Sewer: Blocked/Overflow, had too few weekly samples to proceed with the ridge regression model.
2022-07-04 08:57:27,826 - root - ERROR - Level 8 hexgaon 88ad3680d9fffff for service request type Sewer: Blocked/Overflow, had too few weekly samples to proceed with the ridge regression model.
2022-07-04 08:57:27,983 - root - ERROR - Level 8 hexgaon 88ad3612edfffff for service request type Sewer: Blocked/Overflow, had too few weekly samples to proceed with the ridge regression model.
2022-07-04 08:57:27,989 - root - ERROR - Level 8 hexgaon 88ad36b96dfffff for service request type Sewer: Blocked/Overflow, had too few weekly samples to proceed with the ridge regression model.
2022-07-04 08:57:27,994 - root - ERROR - Level 8 hexgaon 88ad3656d3fffff for service request type Sewer: Blocked/Overflow, had too few weekly samples to proceed with the ridge regression model.
2022-07-04 08:57:28,494 - root - ERROR - Level 8 hexgaon 88ad368523fffff for service request type Sewer: Blocked/Overflow, had too few weekly samples to proceed with the ridge regression model.
2022-07-04 08:57:30,916 - root - ERROR - Level 8 hexgaon 88ad36c615fffff for service request type Sewer: Blocked/Overflow, had too few weekly samples to proceed with the ridge regression model.
2022-07-04 08:57:31,316 - root - ERROR - Level 8 hexgaon 88ad368d19fffff for service request type Sewer: Blocked/Overflow, had too few weekly samples to proceed with the ridge regression model.
2022-07-04 08:57:31,439 - root - ERROR - Level 8 hexgaon 88ad361533fffff for service request type Sewer: Blocked/Overflow, had too few weekly samples to proceed with the ridge regression model.
2022-07-04 08:57:31,686 - root - ERROR - Level 8 hexgaon 88ad368d6dfffff for service request type Sewer: Blocked/Overflow, had too few weekly samples to proceed with the ridge regression model.
2022-07-04 08:57:31,691 - root - ERROR - Level 8 hexgaon 88ad3654bbfffff for service request type Sewer: Blocked/Overflow, had too few weekly samples to proceed with the ridge regression model.
2022-07-04 08:57:31,697 - root - ERROR - Level 8 hexgaon 88ad36161dfffff for service request type Sewer: Blocked/Overflow, had too few weekly samples to proceed with the ridge regression model.
2022-07-04 08:57:33,228 - root - ERROR - Level 8 hexgaon 88ad36d721fffff for service request type Sewer: Blocked/Overflow, had too few weekly samples to proceed with the ridge regression model.
2022-07-04 08:57:33,234 - root - ERROR - Level 8 hexgaon 88ad368eb3fffff for service request type Sewer: Blocked/Overflow, had too few weekly samples to proceed with the ridge regression model.
2022-07-04 08:57:34,247 - root - ERROR - Level 8 hexgaon 88ad3672bdfffff for service request type Sewer: Blocked/Overflow, had too few weekly samples to proceed with the ridge regression model.
2022-07-04 08:57:34,828 - root - ERROR - Level 8 hexgaon 88ad36859bfffff for service request type Sewer: Blocked/Overflow, had too few weekly samples to proceed with the ridge regression model.
2022-07-04 08:57:34,834 - root - ERROR - Level 8 hexgaon 88ad3670e3fffff for service request type Sewer: Blocked/Overflow, had too few weekly samples to proceed with the ridge regression model.
2022-07-04 08:57:34,840 - root - ERROR - Level 8 hexgaon 88ad360181fffff for service request type Sewer: Blocked/Overflow, had too few weekly samples to proceed with the ridge regression model.
2022-07-04 08:57:34,846 - root - ERROR - Level 8 hexgaon 88ad36c2c3fffff for service request type Sewer: Blocked/Overflow, had too few weekly samples to proceed with the ridge regression model.
2022-07-04 08:57:37,072 - root - ERROR - Level 8 hexgaon 88ad36b965fffff for service request type Sewer: Blocked/Overflow, had too few weekly samples to proceed with the ridge regression model.
2022-07-04 08:57:37,571 - root - ERROR - Level 8 hexgaon 88ad36c62bfffff for service request type Sewer: Blocked/Overflow, had too few weekly samples to proceed with the ridge regression model.
2022-07-04 08:57:37,577 - root - ERROR - Level 8 hexgaon 88ad3685a1fffff for service request type Sewer: Blocked/Overflow, had too few weekly samples to proceed with the ridge regression model.
2022-07-04 08:57:38,073 - root - ERROR - Level 8 hexgaon 88ad360231fffff for service request type Sewer: Blocked/Overflow, had too few weekly samples to proceed with the ridge regression model.
2022-07-04 08:57:38,079 - root - ERROR - Level 8 hexgaon 88ad3609d3fffff for service request type Sewer: Blocked/Overflow, had too few weekly samples to proceed with the ridge regression model.
2022-07-04 08:57:38,766 - root - ERROR - Level 8 hexgaon 88ad361b57fffff for service request type Sewer: Blocked/Overflow, had too few weekly samples to proceed with the ridge regression model.
2022-07-04 08:57:39,393 - root - ERROR - Level 8 hexgaon 88ad367019fffff for service request type Sewer: Blocked/Overflow, had too few weekly samples to proceed with the ridge regression model.
2022-07-04 08:57:39,399 - root - ERROR - Level 8 hexgaon 88ad360b0dfffff for service request type Sewer: Blocked/Overflow, had too few weekly samples to proceed with the ridge regression model.
2022-07-04 08:57:40,266 - root - ERROR - Level 8 hexgaon 88ad3612cdfffff for service request type Sewer: Blocked/Overflow, had too few weekly samples to proceed with the ridge regression model.
2022-07-04 08:57:40,272 - root - ERROR - Level 8 hexgaon 88ad36190dfffff for service request type Sewer: Blocked/Overflow, had too few weekly samples to proceed with the ridge regression model.
2022-07-04 08:57:40,278 - root - ERROR - Level 8 hexgaon 88ad361615fffff for service request type Sewer: Blocked/Overflow, had too few weekly samples to proceed with the ridge regression model.
2022-07-04 08:57:41,401 - root - ERROR - Level 8 hexgaon 88ad361097fffff for service request type Sewer: Blocked/Overflow, had too few weekly samples to proceed with the ridge regression model.
2022-07-04 08:57:43,464 - root - ERROR - Level 8 hexgaon 88ad36548bfffff for service request type Sewer: Blocked/Overflow, had too few weekly samples to proceed with the ridge regression model.
2022-07-04 08:57:43,964 - root - ERROR - Level 8 hexgaon 88ad360333fffff for service request type Sewer: Blocked/Overflow, had too few weekly samples to proceed with the ridge regression model.
2022-07-04 08:57:43,971 - root - ERROR - Level 8 hexgaon 88ad36d569fffff for service request type Sewer: Blocked/Overflow, had too few weekly samples to proceed with the ridge regression model.
2022-07-04 08:57:43,976 - root - ERROR - Level 8 hexgaon 88ad36c63bfffff for service request type Sewer: Blocked/Overflow, had too few weekly samples to proceed with the ridge regression model.
2022-07-04 08:57:43,982 - root - ERROR - Level 8 hexgaon 88ad367281fffff for service request type Sewer: Blocked/Overflow, had too few weekly samples to proceed with the ridge regression model.
2022-07-04 08:57:43,988 - root - ERROR - Level 8 hexgaon 88ad36c63dfffff for service request type Sewer: Blocked/Overflow, had too few weekly samples to proceed with the ridge regression model.
2022-07-04 08:57:43,994 - root - ERROR - Level 8 hexgaon 88ad36b903fffff for service request type Sewer: Blocked/Overflow, had too few weekly samples to proceed with the ridge regression model.
2022-07-04 08:57:43,999 - root - ERROR - Level 8 hexgaon 88ad361619fffff for service request type Sewer: Blocked/Overflow, had too few weekly samples to proceed with the ridge regression model.
2022-07-04 08:57:44,606 - root - ERROR - Level 8 hexgaon 88ad36011dfffff for service request type Sewer: Blocked/Overflow, had too few weekly samples to proceed with the ridge regression model.
2022-07-04 08:57:44,805 - root - ERROR - Level 8 hexgaon 88ad360d53fffff for service request type Sewer: Blocked/Overflow, had too few weekly samples to proceed with the ridge regression model.
2022-07-04 08:57:44,811 - root - ERROR - Level 8 hexgaon 88ad360d51fffff for service request type Sewer: Blocked/Overflow, had too few weekly samples to proceed with the ridge regression model.
2022-07-04 08:57:44,817 - root - ERROR - Level 8 hexgaon 88ad360115fffff for service request type Sewer: Blocked/Overflow, had too few weekly samples to proceed with the ridge regression model.
2022-07-04 08:57:45,193 - root - ERROR - Level 8 hexgaon 88ad360269fffff for service request type Sewer: Blocked/Overflow, had too few weekly samples to proceed with the ridge regression model.
2022-07-04 08:57:46,187 - root - ERROR - Level 8 hexgaon 88ad360543fffff for service request type Sewer: Blocked/Overflow, had too few weekly samples to proceed with the ridge regression model.
2022-07-04 08:57:46,192 - root - ERROR - Level 8 hexgaon 88ad365681fffff for service request type Sewer: Blocked/Overflow, had too few weekly samples to proceed with the ridge regression model.
2022-07-04 08:57:46,198 - root - ERROR - Level 8 hexgaon 88ad361acbfffff for service request type Sewer: Blocked/Overflow, had too few weekly samples to proceed with the ridge regression model.
2022-07-04 08:57:46,366 - root - ERROR - Level 8 hexgaon 88ad36854bfffff for service request type Sewer: Blocked/Overflow, had too few weekly samples to proceed with the ridge regression model.
2022-07-04 08:57:46,867 - root - ERROR - Level 8 hexgaon 88ad36c741fffff for service request type Sewer: Blocked/Overflow, had too few weekly samples to proceed with the ridge regression model.
2022-07-04 08:57:47,368 - root - ERROR - Level 8 hexgaon 88ad36d535fffff for service request type Sewer: Blocked/Overflow, had too few weekly samples to proceed with the ridge regression model.
2022-07-04 08:57:47,865 - root - ERROR - Level 8 hexgaon 88ad368463fffff for service request type Sewer: Blocked/Overflow, had too few weekly samples to proceed with the ridge regression model.
2022-07-04 08:57:47,871 - root - ERROR - Level 8 hexgaon 88ad361601fffff for service request type Sewer: Blocked/Overflow, had too few weekly samples to proceed with the ridge regression model.
2022-07-04 08:57:47,876 - root - ERROR - Level 8 hexgaon 88ad36c653fffff for service request type Sewer: Blocked/Overflow, had too few weekly samples to proceed with the ridge regression model.
2022-07-04 08:57:47,882 - root - ERROR - Level 8 hexgaon 88ad36620dfffff for service request type Sewer: Blocked/Overflow, had too few weekly samples to proceed with the ridge regression model.
2022-07-04 08:57:47,887 - root - ERROR - Level 8 hexgaon 88ad361659fffff for service request type Sewer: Blocked/Overflow, had too few weekly samples to proceed with the ridge regression model.
2022-07-04 08:57:47,893 - root - ERROR - Level 8 hexgaon 88ad36d73dfffff for service request type Sewer: Blocked/Overflow, had too few weekly samples to proceed with the ridge regression model.
2022-07-04 08:57:47,899 - root - ERROR - Level 8 hexgaon 88ad367037fffff for service request type Sewer: Blocked/Overflow, had too few weekly samples to proceed with the ridge regression model.
2022-07-04 08:57:47,905 - root - ERROR - Level 8 hexgaon 88ad360c2dfffff for service request type Sewer: Blocked/Overflow, had too few weekly samples to proceed with the ridge regression model.
2022-07-04 08:57:47,910 - root - ERROR - Level 8 hexgaon 88ad36112bfffff for service request type Sewer: Blocked/Overflow, had too few weekly samples to proceed with the ridge regression model.
2022-07-04 08:57:47,916 - root - ERROR - Level 8 hexgaon 88ad360e67fffff for service request type Sewer: Blocked/Overflow, had too few weekly samples to proceed with the ridge regression model.
2022-07-04 08:57:48,055 - root - ERROR - Level 8 hexgaon 88ad360f4dfffff for service request type Sewer: Blocked/Overflow, had too few weekly samples to proceed with the ridge regression model.
2022-07-04 08:57:48,061 - root - ERROR - Level 8 hexgaon 88ad36198dfffff for service request type Sewer: Blocked/Overflow, had too few weekly samples to proceed with the ridge regression model.
2022-07-04 08:57:48,067 - root - ERROR - Level 8 hexgaon 88ad361a39fffff for service request type Sewer: Blocked/Overflow, had too few weekly samples to proceed with the ridge regression model.
2022-07-04 08:57:49,060 - root - ERROR - Level 8 hexgaon 88ad36705dfffff for service request type Sewer: Blocked/Overflow, had too few weekly samples to proceed with the ridge regression model.
2022-07-04 08:57:50,305 - root - ERROR - Level 8 hexgaon 88ad36c695fffff for service request type Sewer: Blocked/Overflow, had too few weekly samples to proceed with the ridge regression model.
2022-07-04 08:57:51,085 - root - ERROR - Level 8 hexgaon 88ad36c2e1fffff for service request type Sewer: Blocked/Overflow, had too few weekly samples to proceed with the ridge regression model.
2022-07-04 08:57:51,593 - root - ERROR - Level 8 hexgaon 88ad36146bfffff for service request type Sewer: Blocked/Overflow, had too few weekly samples to proceed with the ridge regression model.
2022-07-04 08:57:51,598 - root - ERROR - Level 8 hexgaon 88ad361405fffff for service request type Sewer: Blocked/Overflow, had too few weekly samples to proceed with the ridge regression model.
2022-07-04 08:57:51,604 - root - ERROR - Level 8 hexgaon 88ad36033dfffff for service request type Sewer: Blocked/Overflow, had too few weekly samples to proceed with the ridge regression model.
2022-07-04 08:57:51,610 - root - ERROR - Level 8 hexgaon 88ad368723fffff for service request type Sewer: Blocked/Overflow, had too few weekly samples to proceed with the ridge regression model.
2022-07-04 08:57:52,237 - root - ERROR - Level 8 hexgaon 88ad36c457fffff for service request type Sewer: Blocked/Overflow, had too few weekly samples to proceed with the ridge regression model.
2022-07-04 08:57:52,738 - root - ERROR - Level 8 hexgaon 88ad36958dfffff for service request type Sewer: Blocked/Overflow, had too few weekly samples to proceed with the ridge regression model.
2022-07-04 08:57:52,743 - root - ERROR - Level 8 hexgaon 88ad36121bfffff for service request type Sewer: Blocked/Overflow, had too few weekly samples to proceed with the ridge regression model.
2022-07-04 08:57:52,749 - root - ERROR - Level 8 hexgaon 88ad36131dfffff for service request type Sewer: Blocked/Overflow, had too few weekly samples to proceed with the ridge regression model.
2022-07-04 08:57:52,755 - root - ERROR - Level 8 hexgaon 88ad360f27fffff for service request type Sewer: Blocked/Overflow, had too few weekly samples to proceed with the ridge regression model.
2022-07-04 08:57:52,760 - root - ERROR - Level 8 hexgaon 88ad367193fffff for service request type Sewer: Blocked/Overflow, had too few weekly samples to proceed with the ridge regression model.
2022-07-04 08:57:52,766 - root - ERROR - Level 8 hexgaon 88ad368ddbfffff for service request type Sewer: Blocked/Overflow, had too few weekly samples to proceed with the ridge regression model.
2022-07-04 08:57:52,772 - root - ERROR - Level 8 hexgaon 88ad36718dfffff for service request type Sewer: Blocked/Overflow, had too few weekly samples to proceed with the ridge regression model.
2022-07-04 08:57:52,777 - root - ERROR - Level 8 hexgaon 88ad36c687fffff for service request type Sewer: Blocked/Overflow, had too few weekly samples to proceed with the ridge regression model.
2022-07-04 08:57:53,284 - root - ERROR - Level 8 hexgaon 88ad36c2c9fffff for service request type Sewer: Blocked/Overflow, had too few weekly samples to proceed with the ridge regression model.
2022-07-04 08:57:53,782 - root - ERROR - Level 8 hexgaon 88ad3618a3fffff for service request type Sewer: Blocked/Overflow, had too few weekly samples to proceed with the ridge regression model.
2022-07-04 08:57:54,513 - root - ERROR - Level 8 hexgaon 88ad361445fffff for service request type Sewer: Blocked/Overflow, had too few weekly samples to proceed with the ridge regression model.
2022-07-04 08:57:54,519 - root - ERROR - Level 8 hexgaon 88ad368927fffff for service request type Sewer: Blocked/Overflow, had too few weekly samples to proceed with the ridge regression model.
2022-07-04 08:57:54,525 - root - ERROR - Level 8 hexgaon 88ad361885fffff for service request type Sewer: Blocked/Overflow, had too few weekly samples to proceed with the ridge regression model.
2022-07-04 08:57:55,029 - root - ERROR - Level 8 hexgaon 88ad36194dfffff for service request type Sewer: Blocked/Overflow, had too few weekly samples to proceed with the ridge regression model.
2022-07-04 08:57:55,035 - root - ERROR - Level 8 hexgaon 88ad360109fffff for service request type Sewer: Blocked/Overflow, had too few weekly samples to proceed with the ridge regression model.
2022-07-04 08:57:55,535 - root - ERROR - Level 8 hexgaon 88ad361a61fffff for service request type Sewer: Blocked/Overflow, had too few weekly samples to proceed with the ridge regression model.
2022-07-04 08:57:55,541 - root - ERROR - Level 8 hexgaon 88ad3672a1fffff for service request type Sewer: Blocked/Overflow, had too few weekly samples to proceed with the ridge regression model.
2022-07-04 08:57:55,718 - root - ERROR - Level 8 hexgaon 88ad360153fffff for service request type Sewer: Blocked/Overflow, had too few weekly samples to proceed with the ridge regression model.
2022-07-04 08:57:55,724 - root - ERROR - Level 8 hexgaon 88ad368729fffff for service request type Sewer: Blocked/Overflow, had too few weekly samples to proceed with the ridge regression model.
2022-07-04 08:57:55,730 - root - ERROR - Level 8 hexgaon 88ad368ca7fffff for service request type Sewer: Blocked/Overflow, had too few weekly samples to proceed with the ridge regression model.
2022-07-04 08:57:55,735 - root - ERROR - Level 8 hexgaon 88ad360065fffff for service request type Sewer: Blocked/Overflow, had too few weekly samples to proceed with the ridge regression model.
2022-07-04 08:57:55,741 - root - ERROR - Level 8 hexgaon 88ad3680d7fffff for service request type Sewer: Blocked/Overflow, had too few weekly samples to proceed with the ridge regression model.
2022-07-04 08:57:56,242 - root - ERROR - Level 8 hexgaon 88ad36bb69fffff for service request type Sewer: Blocked/Overflow, had too few weekly samples to proceed with the ridge regression model.
2022-07-04 08:57:56,248 - root - ERROR - Level 8 hexgaon 88ad360047fffff for service request type Sewer: Blocked/Overflow, had too few weekly samples to proceed with the ridge regression model.
2022-07-04 08:57:56,254 - root - ERROR - Level 8 hexgaon 88ad36c68bfffff for service request type Sewer: Blocked/Overflow, had too few weekly samples to proceed with the ridge regression model.
2022-07-04 08:57:56,260 - root - ERROR - Level 8 hexgaon 88ad360069fffff for service request type Sewer: Blocked/Overflow, had too few weekly samples to proceed with the ridge regression model.
2022-07-04 08:57:56,265 - root - ERROR - Level 8 hexgaon 88ad360ac3fffff for service request type Sewer: Blocked/Overflow, had too few weekly samples to proceed with the ridge regression model.
2022-07-04 08:57:56,271 - root - ERROR - Level 8 hexgaon 88ad368ee1fffff for service request type Sewer: Blocked/Overflow, had too few weekly samples to proceed with the ridge regression model.
2022-07-04 08:57:56,277 - root - ERROR - Level 8 hexgaon 88ad360a1bfffff for service request type Sewer: Blocked/Overflow, had too few weekly samples to proceed with the ridge regression model.
2022-07-04 08:57:56,282 - root - ERROR - Level 8 hexgaon 88ad3689a3fffff for service request type Sewer: Blocked/Overflow, had too few weekly samples to proceed with the ridge regression model.
2022-07-04 08:57:56,288 - root - ERROR - Level 8 hexgaon 88ad361a05fffff for service request type Sewer: Blocked/Overflow, had too few weekly samples to proceed with the ridge regression model.
2022-07-04 08:57:56,294 - root - ERROR - Level 8 hexgaon 88ad368eebfffff for service request type Sewer: Blocked/Overflow, had too few weekly samples to proceed with the ridge regression model.
2022-07-04 08:57:56,299 - root - ERROR - Level 8 hexgaon 88ad36bb45fffff for service request type Sewer: Blocked/Overflow, had too few weekly samples to proceed with the ridge regression model.
2022-07-04 08:57:56,305 - root - ERROR - Level 8 hexgaon 88ad368543fffff for service request type Sewer: Blocked/Overflow, had too few weekly samples to proceed with the ridge regression model.
2022-07-04 08:57:56,311 - root - ERROR - Level 8 hexgaon 88ad36c689fffff for service request type Sewer: Blocked/Overflow, had too few weekly samples to proceed with the ridge regression model.
2022-07-04 08:57:56,316 - root - ERROR - Level 8 hexgaon 88ad36c6d5fffff for service request type Sewer: Blocked/Overflow, had too few weekly samples to proceed with the ridge regression model.
2022-07-04 08:57:56,322 - root - ERROR - Level 8 hexgaon 88ad361363fffff for service request type Sewer: Blocked/Overflow, had too few weekly samples to proceed with the ridge regression model.
2022-07-04 08:57:56,328 - root - ERROR - Level 8 hexgaon 88ad368925fffff for service request type Sewer: Blocked/Overflow, had too few weekly samples to proceed with the ridge regression model.
2022-07-04 08:57:56,333 - root - ERROR - Level 8 hexgaon 88ad361243fffff for service request type Sewer: Blocked/Overflow, had too few weekly samples to proceed with the ridge regression model.
2022-07-04 08:57:56,339 - root - ERROR - Level 8 hexgaon 88ad36006bfffff for service request type Sewer: Blocked/Overflow, had too few weekly samples to proceed with the ridge regression model.
2022-07-04 08:57:56,345 - root - ERROR - Level 8 hexgaon 88ad365699fffff for service request type Sewer: Blocked/Overflow, had too few weekly samples to proceed with the ridge regression model.
2022-07-04 08:57:56,350 - root - ERROR - Level 8 hexgaon 88ad360f19fffff for service request type Sewer: Blocked/Overflow, had too few weekly samples to proceed with the ridge regression model.
2022-07-04 08:57:56,356 - root - ERROR - Level 8 hexgaon 88ad366261fffff for service request type Sewer: Blocked/Overflow, had too few weekly samples to proceed with the ridge regression model.
2022-07-04 08:57:56,362 - root - ERROR - Level 8 hexgaon 88ad3672e3fffff for service request type Sewer: Blocked/Overflow, had too few weekly samples to proceed with the ridge regression model.
2022-07-04 08:57:56,367 - root - ERROR - Level 8 hexgaon 88ad3672ebfffff for service request type Sewer: Blocked/Overflow, had too few weekly samples to proceed with the ridge regression model.
2022-07-04 08:57:56,373 - root - ERROR - Level 8 hexgaon 88ad36d09dfffff for service request type Sewer: Blocked/Overflow, had too few weekly samples to proceed with the ridge regression model.
2022-07-04 08:57:56,378 - root - ERROR - Level 8 hexgaon 88ad360015fffff for service request type Sewer: Blocked/Overflow, had too few weekly samples to proceed with the ridge regression model.
2022-07-04 08:57:56,384 - root - ERROR - Level 8 hexgaon 88ad361159fffff for service request type Sewer: Blocked/Overflow, had too few weekly samples to proceed with the ridge regression model.
2022-07-04 08:57:56,390 - root - ERROR - Level 8 hexgaon 88ad368eb1fffff for service request type Sewer: Blocked/Overflow, had too few weekly samples to proceed with the ridge regression model.
2022-07-04 08:57:56,396 - root - ERROR - Level 8 hexgaon 88ad360103fffff for service request type Sewer: Blocked/Overflow, had too few weekly samples to proceed with the ridge regression model.
2022-07-04 08:57:56,401 - root - ERROR - Level 8 hexgaon 88ad3615cdfffff for service request type Sewer: Blocked/Overflow, had too few weekly samples to proceed with the ridge regression model.
2022-07-04 08:57:56,407 - root - ERROR - Level 8 hexgaon 88ad3672bbfffff for service request type Sewer: Blocked/Overflow, had too few weekly samples to proceed with the ridge regression model.
2022-07-04 08:57:56,412 - root - ERROR - Level 8 hexgaon 88ad360261fffff for service request type Sewer: Blocked/Overflow, had too few weekly samples to proceed with the ridge regression model.
2022-07-04 08:57:56,418 - root - ERROR - Level 8 hexgaon 88ad361559fffff for service request type Sewer: Blocked/Overflow, had too few weekly samples to proceed with the ridge regression model.
2022-07-04 08:57:56,424 - root - ERROR - Level 8 hexgaon 88ad36c645fffff for service request type Sewer: Blocked/Overflow, had too few weekly samples to proceed with the ridge regression model.
2022-07-04 08:57:56,430 - root - ERROR - Level 8 hexgaon 88ad361257fffff for service request type Sewer: Blocked/Overflow, had too few weekly samples to proceed with the ridge regression model.
2022-07-04 08:57:56,436 - root - ERROR - Level 8 hexgaon 88ad361907fffff for service request type Sewer: Blocked/Overflow, had too few weekly samples to proceed with the ridge regression model.
2022-07-04 08:57:56,442 - root - ERROR - Level 8 hexgaon 88ad360c27fffff for service request type Sewer: Blocked/Overflow, had too few weekly samples to proceed with the ridge regression model.
2022-07-04 08:57:56,447 - root - ERROR - Level 8 hexgaon 88ad368e15fffff for service request type Sewer: Blocked/Overflow, had too few weekly samples to proceed with the ridge regression model.
2022-07-04 08:57:56,453 - root - ERROR - Level 8 hexgaon 88ad3616cdfffff for service request type Sewer: Blocked/Overflow, had too few weekly samples to proceed with the ridge regression model.
2022-07-04 08:57:56,459 - root - ERROR - Level 8 hexgaon 88ad361921fffff for service request type Sewer: Blocked/Overflow, had too few weekly samples to proceed with the ridge regression model.
2022-07-04 08:57:56,464 - root - ERROR - Level 8 hexgaon 88ad368885fffff for service request type Sewer: Blocked/Overflow, had too few weekly samples to proceed with the ridge regression model.
2022-07-04 08:57:56,470 - root - ERROR - Level 8 hexgaon 88ad361723fffff for service request type Sewer: Blocked/Overflow, had too few weekly samples to proceed with the ridge regression model.
2022-07-04 08:57:56,476 - root - ERROR - Level 8 hexgaon 88ad360a13fffff for service request type Sewer: Blocked/Overflow, had too few weekly samples to proceed with the ridge regression model.
2022-07-04 08:57:56,481 - root - ERROR - Level 8 hexgaon 88ad360d45fffff for service request type Sewer: Blocked/Overflow, had too few weekly samples to proceed with the ridge regression model.
2022-07-04 08:57:56,487 - root - ERROR - Level 8 hexgaon 88ad367259fffff for service request type Sewer: Blocked/Overflow, had too few weekly samples to proceed with the ridge regression model.
2022-07-04 08:57:56,493 - root - ERROR - Level 8 hexgaon 88ad368721fffff for service request type Sewer: Blocked/Overflow, had too few weekly samples to proceed with the ridge regression model.
2022-07-04 08:57:56,498 - root - ERROR - Level 8 hexgaon 88ad36560bfffff for service request type Sewer: Blocked/Overflow, had too few weekly samples to proceed with the ridge regression model.
2022-07-04 08:57:56,504 - root - ERROR - Level 8 hexgaon 88ad3618abfffff for service request type Sewer: Blocked/Overflow, had too few weekly samples to proceed with the ridge regression model.
2022-07-04 08:57:56,510 - root - ERROR - Level 8 hexgaon 88ad360f4bfffff for service request type Sewer: Blocked/Overflow, had too few weekly samples to proceed with the ridge regression model.
2022-07-04 08:57:56,515 - root - ERROR - Level 8 hexgaon 88ad364299fffff for service request type Sewer: Blocked/Overflow, had too few weekly samples to proceed with the ridge regression model.
2022-07-04 08:57:56,521 - root - ERROR - Level 8 hexgaon 88ad36549dfffff for service request type Sewer: Blocked/Overflow, had too few weekly samples to proceed with the ridge regression model.
2022-07-04 08:57:56,527 - root - ERROR - Level 8 hexgaon 88ad367357fffff for service request type Sewer: Blocked/Overflow, had too few weekly samples to proceed with the ridge regression model.
2022-07-04 08:57:56,532 - root - ERROR - Level 8 hexgaon 88ad36d5d7fffff for service request type Sewer: Blocked/Overflow, had too few weekly samples to proceed with the ridge regression model.
2022-07-04 08:57:56,538 - root - ERROR - Level 8 hexgaon 88ad361999fffff for service request type Sewer: Blocked/Overflow, had too few weekly samples to proceed with the ridge regression model.
2022-07-04 08:57:56,544 - root - ERROR - Level 8 hexgaon 88ad361469fffff for service request type Sewer: Blocked/Overflow, had too few weekly samples to proceed with the ridge regression model.
2022-07-04 08:57:56,549 - root - ERROR - Level 8 hexgaon 88ad360f51fffff for service request type Sewer: Blocked/Overflow, had too few weekly samples to proceed with the ridge regression model.
2022-07-04 08:57:56,555 - root - ERROR - Level 8 hexgaon 88ad368727fffff for service request type Sewer: Blocked/Overflow, had too few weekly samples to proceed with the ridge regression model.
2022-07-04 08:57:56,561 - root - ERROR - Level 8 hexgaon 88ad361627fffff for service request type Sewer: Blocked/Overflow, had too few weekly samples to proceed with the ridge regression model.
2022-07-04 08:57:56,566 - root - ERROR - Level 8 hexgaon 88ad36d71bfffff for service request type Sewer: Blocked/Overflow, had too few weekly samples to proceed with the ridge regression model.
